<?xml version="1.0" encoding="UTF-8"?>
<testng-results skipped="0" failed="0" total="1" passed="1">
  <reporter-output>
  </reporter-output>
  <suite name="Default suite" duration-ms="3654" started-at="2019-01-22T09:34:31Z" finished-at="2019-01-22T09:34:35Z">
    <groups>
    </groups>
    <test name="Default test" duration-ms="3654" started-at="2019-01-22T09:34:31Z" finished-at="2019-01-22T09:34:35Z">
      <class name="com.getdept1701.api.apigetdept1701">
        <test-method status="PASS" signature="setUp()[pri:0, instance:com.getdept1701.api.apigetdept1701@c88a337]" name="setUp" is-config="true" duration-ms="12" started-at="2019-01-22T15:04:31Z" finished-at="2019-01-22T15:04:31Z">
          <reporter-output>
          </reporter-output>
        </test-method> <!-- setUp -->
        <test-method status="PASS" signature="test()[pri:0, instance:com.getdept1701.api.apigetdept1701@c88a337]" name="test" duration-ms="3621" started-at="2019-01-22T15:04:31Z" finished-at="2019-01-22T15:04:35Z">
          <reporter-output>
          </reporter-output>
        </test-method> <!-- test -->
        <test-method status="PASS" signature="tearDown()[pri:0, instance:com.getdept1701.api.apigetdept1701@c88a337]" name="tearDown" is-config="true" duration-ms="0" started-at="2019-01-22T15:04:35Z" finished-at="2019-01-22T15:04:35Z">
          <reporter-output>
          </reporter-output>
        </test-method> <!-- tearDown -->
      </class> <!-- com.getdept1701.api.apigetdept1701 -->
    </test> <!-- Default test -->
  </suite> <!-- Default suite -->
</testng-results>
